2025-11-26 23:43:39,012 - INFO - 程序启动 - 显示模式：三秒变动模式 - 抽取模式：学生讲题模式(正序)
2025-11-26 23:43:39,012 - INFO - 配置参数: MIN_NUMBER=1, MAX_NUMBER=48, STUDENT_MODE=1
2025-11-26 23:43:39,013 - INFO - 语音叫号配置: ENABLE_VOICE=1, VOICE_TEMPLATE=请{}号同学回答问题
2025-11-26 23:43:39,013 - INFO - 历史数据读取成功
2025-11-26 23:43:39,172 - INFO - 启动音效播放成功：assets/rise_enable.wav
2025-11-26 23:43:39,249 - DEBUG - Importing BlpImagePlugin
2025-11-26 23:43:39,252 - DEBUG - Importing BmpImagePlugin
2025-11-26 23:43:39,252 - DEBUG - Importing BufrStubImagePlugin
2025-11-26 23:43:39,253 - DEBUG - Importing CurImagePlugin
2025-11-26 23:43:39,255 - DEBUG - Importing DcxImagePlugin
2025-11-26 23:43:39,258 - DEBUG - Importing DdsImagePlugin
2025-11-26 23:43:39,263 - DEBUG - Importing EpsImagePlugin
2025-11-26 23:43:39,265 - DEBUG - Importing FitsImagePlugin
2025-11-26 23:43:39,269 - DEBUG - Importing FliImagePlugin
2025-11-26 23:43:39,271 - DEBUG - Importing FpxImagePlugin
2025-11-26 23:43:39,275 - DEBUG - Image: failed to import FpxImagePlugin: No module named 'olefile'
2025-11-26 23:43:39,275 - DEBUG - Importing FtexImagePlugin
2025-11-26 23:43:39,277 - DEBUG - Importing GbrImagePlugin
2025-11-26 23:43:39,278 - DEBUG - Importing GifImagePlugin
2025-11-26 23:43:39,278 - DEBUG - Importing GribStubImagePlugin
2025-11-26 23:43:39,280 - DEBUG - Importing Hdf5StubImagePlugin
2025-11-26 23:43:39,281 - DEBUG - Importing IcnsImagePlugin
2025-11-26 23:43:39,286 - DEBUG - Importing IcoImagePlugin
2025-11-26 23:43:39,289 - DEBUG - Importing ImImagePlugin
2025-11-26 23:43:39,290 - DEBUG - Importing ImtImagePlugin
2025-11-26 23:43:39,292 - DEBUG - Importing IptcImagePlugin
2025-11-26 23:43:39,294 - DEBUG - Importing JpegImagePlugin
2025-11-26 23:43:39,294 - DEBUG - Importing Jpeg2KImagePlugin
2025-11-26 23:43:39,294 - DEBUG - Importing McIdasImagePlugin
2025-11-26 23:43:39,296 - DEBUG - Importing MicImagePlugin
2025-11-26 23:43:39,300 - DEBUG - Image: failed to import MicImagePlugin: No module named 'olefile'
2025-11-26 23:43:39,300 - DEBUG - Importing MpegImagePlugin
2025-11-26 23:43:39,302 - DEBUG - Importing MpoImagePlugin
2025-11-26 23:43:39,316 - DEBUG - Importing MspImagePlugin
2025-11-26 23:43:39,317 - DEBUG - Importing PalmImagePlugin
2025-11-26 23:43:39,319 - DEBUG - Importing PcdImagePlugin
2025-11-26 23:43:39,321 - DEBUG - Importing PcxImagePlugin
2025-11-26 23:43:39,321 - DEBUG - Importing PdfImagePlugin
2025-11-26 23:43:39,333 - DEBUG - Importing PixarImagePlugin
2025-11-26 23:43:39,335 - DEBUG - Importing PngImagePlugin
2025-11-26 23:43:39,335 - DEBUG - Importing PpmImagePlugin
2025-11-26 23:43:39,335 - DEBUG - Importing PsdImagePlugin
2025-11-26 23:43:39,337 - DEBUG - Importing QoiImagePlugin
2025-11-26 23:43:39,338 - DEBUG - Importing SgiImagePlugin
2025-11-26 23:43:39,340 - DEBUG - Importing SpiderImagePlugin
2025-11-26 23:43:39,341 - DEBUG - Importing SunImagePlugin
2025-11-26 23:43:39,343 - DEBUG - Importing TgaImagePlugin
2025-11-26 23:43:39,345 - DEBUG - Importing TiffImagePlugin
2025-11-26 23:43:39,346 - DEBUG - Importing WebPImagePlugin
2025-11-26 23:43:39,351 - DEBUG - Importing WmfImagePlugin
2025-11-26 23:43:39,353 - DEBUG - Importing XbmImagePlugin
2025-11-26 23:43:39,357 - DEBUG - Importing XpmImagePlugin
2025-11-26 23:43:39,359 - DEBUG - Importing XVThumbImagePlugin
2025-11-26 23:43:39,360 - DEBUG - STREAM b'IHDR' 188510 13
2025-11-26 23:43:39,361 - DEBUG - STREAM b'IDAT' 188535 5010
2025-11-26 23:43:39,362 - INFO - 成功加载图标文件：assets/icon.ico
2025-11-26 23:43:39,363 - INFO - 托盘功能启动成功
2025-11-26 23:43:39,656 - INFO - 快捷键监听启动成功（双击shift）
2025-11-26 23:43:48,923 - INFO - 程序启动 - 显示模式：三秒变动模式 - 抽取模式：学生讲题模式(正序)
2025-11-26 23:43:48,923 - INFO - 配置参数: MIN_NUMBER=1, MAX_NUMBER=48, STUDENT_MODE=1
2025-11-26 23:43:48,923 - INFO - 语音叫号配置: ENABLE_VOICE=1, VOICE_TEMPLATE=请{}号同学回答问题
2025-11-26 23:43:48,924 - INFO - 历史数据读取成功
2025-11-26 23:43:49,180 - INFO - 启动音效播放成功：assets/rise_enable.wav
2025-11-26 23:43:49,223 - DEBUG - Importing BlpImagePlugin
2025-11-26 23:43:49,226 - DEBUG - Importing BmpImagePlugin
2025-11-26 23:43:49,226 - DEBUG - Importing BufrStubImagePlugin
2025-11-26 23:43:49,228 - DEBUG - Importing CurImagePlugin
2025-11-26 23:43:49,229 - DEBUG - Importing DcxImagePlugin
2025-11-26 23:43:49,233 - DEBUG - Importing DdsImagePlugin
2025-11-26 23:43:49,239 - DEBUG - Importing EpsImagePlugin
2025-11-26 23:43:49,241 - DEBUG - Importing FitsImagePlugin
2025-11-26 23:43:49,247 - DEBUG - Importing FliImagePlugin
2025-11-26 23:43:49,249 - DEBUG - Importing FpxImagePlugin
2025-11-26 23:43:49,255 - DEBUG - Image: failed to import FpxImagePlugin: No module named 'olefile'
2025-11-26 23:43:49,256 - DEBUG - Importing FtexImagePlugin
2025-11-26 23:43:49,258 - DEBUG - Importing GbrImagePlugin
2025-11-26 23:43:49,259 - DEBUG - Importing GifImagePlugin
2025-11-26 23:43:49,259 - DEBUG - Importing GribStubImagePlugin
2025-11-26 23:43:49,261 - DEBUG - Importing Hdf5StubImagePlugin
2025-11-26 23:43:49,263 - DEBUG - Importing IcnsImagePlugin
2025-11-26 23:43:49,268 - DEBUG - Importing IcoImagePlugin
2025-11-26 23:43:49,270 - DEBUG - Importing ImImagePlugin
2025-11-26 23:43:49,272 - DEBUG - Importing ImtImagePlugin
2025-11-26 23:43:49,274 - DEBUG - Importing IptcImagePlugin
2025-11-26 23:43:49,276 - DEBUG - Importing JpegImagePlugin
2025-11-26 23:43:49,276 - DEBUG - Importing Jpeg2KImagePlugin
2025-11-26 23:43:49,276 - DEBUG - Importing McIdasImagePlugin
2025-11-26 23:43:49,278 - DEBUG - Importing MicImagePlugin
2025-11-26 23:43:49,285 - DEBUG - Image: failed to import MicImagePlugin: No module named 'olefile'
2025-11-26 23:43:49,285 - DEBUG - Importing MpegImagePlugin
2025-11-26 23:43:49,287 - DEBUG - Importing MpoImagePlugin
2025-11-26 23:43:49,307 - DEBUG - Importing MspImagePlugin
2025-11-26 23:43:49,309 - DEBUG - Importing PalmImagePlugin
2025-11-26 23:43:49,312 - DEBUG - Importing PcdImagePlugin
2025-11-26 23:43:49,314 - DEBUG - Importing PcxImagePlugin
2025-11-26 23:43:49,314 - DEBUG - Importing PdfImagePlugin
2025-11-26 23:43:49,325 - DEBUG - Importing PixarImagePlugin
2025-11-26 23:43:49,327 - DEBUG - Importing PngImagePlugin
2025-11-26 23:43:49,327 - DEBUG - Importing PpmImagePlugin
2025-11-26 23:43:49,327 - DEBUG - Importing PsdImagePlugin
2025-11-26 23:43:49,328 - DEBUG - Importing QoiImagePlugin
2025-11-26 23:43:49,330 - DEBUG - Importing SgiImagePlugin
2025-11-26 23:43:49,332 - DEBUG - Importing SpiderImagePlugin
2025-11-26 23:43:49,334 - DEBUG - Importing SunImagePlugin
2025-11-26 23:43:49,336 - DEBUG - Importing TgaImagePlugin
2025-11-26 23:43:49,337 - DEBUG - Importing TiffImagePlugin
2025-11-26 23:43:49,338 - DEBUG - Importing WebPImagePlugin
2025-11-26 23:43:49,343 - DEBUG - Importing WmfImagePlugin
2025-11-26 23:43:49,345 - DEBUG - Importing XbmImagePlugin
2025-11-26 23:43:49,348 - DEBUG - Importing XpmImagePlugin
2025-11-26 23:43:49,350 - DEBUG - Importing XVThumbImagePlugin
2025-11-26 23:43:49,352 - DEBUG - STREAM b'IHDR' 188510 13
2025-11-26 23:43:49,352 - DEBUG - STREAM b'IDAT' 188535 5010
2025-11-26 23:43:49,353 - INFO - 成功加载图标文件：assets/icon.ico
2025-11-26 23:43:49,354 - INFO - 托盘功能启动成功
2025-11-26 23:43:49,634 - INFO - 快捷键监听启动成功（双击shift）
2025-11-26 23:43:50,877 - DEBUG - 正序模式开始 - 当前min值: 1, 已使用号码: []
2025-11-26 23:43:50,877 - DEBUG - 正序模式 - 区间: [1, 11]
2025-11-26 23:43:50,877 - DEBUG - 正序模式 - 区间内有效号码: [1, 2, 3, 4, 5, 6, 7, 8, 9, 10, 11]
2025-11-26 23:43:50,877 - INFO - 学生讲题模式(正序)抽中号数：11，区间：[1, 11], min值从1更新为11
2025-11-26 23:43:50,877 - DEBUG - 当前已使用号码: [11]
2025-11-26 23:43:51,129 - DEBUG - 数据原子写入成功
2025-11-26 23:43:51,138 - INFO - 三秒变动模式：已定格最终结果
2025-11-26 23:43:55,509 - INFO - 语音叫号成功: 请11号同学回答问题
