2025-11-24 18:00:56,844 - INFO - 程序启动 - 显示模式：三秒变动模式 - 抽取模式：学生讲题模式(倒序)
2025-11-24 18:00:56,854 - INFO - 历史数据读取成功
2025-11-24 18:00:57,202 - INFO - 启动音效播放成功：assets/rise_enable.wav
2025-11-24 18:00:57,234 - DEBUG - Importing BlpImagePlugin
2025-11-24 18:00:57,250 - DEBUG - Importing BmpImagePlugin
2025-11-24 18:00:57,263 - DEBUG - Importing BufrStubImagePlugin
2025-11-24 18:00:57,276 - DEBUG - Importing CurImagePlugin
2025-11-24 18:00:57,288 - DEBUG - Importing DcxImagePlugin
2025-11-24 18:00:57,300 - DEBUG - Importing DdsImagePlugin
2025-11-24 18:00:57,317 - DEBUG - Importing EpsImagePlugin
2025-11-24 18:00:57,330 - DEBUG - Importing FitsImagePlugin
2025-11-24 18:00:57,343 - DEBUG - Importing FliImagePlugin
2025-11-24 18:00:57,355 - DEBUG - Importing FpxImagePlugin
2025-11-24 18:00:57,367 - DEBUG - Image: failed to import FpxImagePlugin: No module named 'olefile'
2025-11-24 18:00:57,381 - DEBUG - Importing FtexImagePlugin
2025-11-24 18:00:57,393 - DEBUG - Importing GbrImagePlugin
2025-11-24 18:00:57,404 - DEBUG - Importing GifImagePlugin
2025-11-24 18:00:57,415 - DEBUG - Importing GribStubImagePlugin
2025-11-24 18:00:57,426 - DEBUG - Importing Hdf5StubImagePlugin
2025-11-24 18:00:57,438 - DEBUG - Importing IcnsImagePlugin
2025-11-24 18:00:57,452 - DEBUG - Importing IcoImagePlugin
2025-11-24 18:00:57,464 - DEBUG - Importing ImImagePlugin
2025-11-24 18:00:57,475 - DEBUG - Importing ImtImagePlugin
2025-11-24 18:00:57,486 - DEBUG - Importing IptcImagePlugin
2025-11-24 18:00:57,497 - DEBUG - Importing JpegImagePlugin
2025-11-24 18:00:57,508 - DEBUG - Importing Jpeg2KImagePlugin
2025-11-24 18:00:57,518 - DEBUG - Importing McIdasImagePlugin
2025-11-24 18:00:57,529 - DEBUG - Importing MicImagePlugin
2025-11-24 18:00:57,541 - DEBUG - Image: failed to import MicImagePlugin: No module named 'olefile'
2025-11-24 18:00:57,554 - DEBUG - Importing MpegImagePlugin
2025-11-24 18:00:57,566 - DEBUG - Importing MpoImagePlugin
2025-11-24 18:00:57,596 - DEBUG - Importing MspImagePlugin
2025-11-24 18:00:57,608 - DEBUG - Importing PalmImagePlugin
2025-11-24 18:00:57,622 - DEBUG - Importing PcdImagePlugin
2025-11-24 18:00:57,633 - DEBUG - Importing PcxImagePlugin
2025-11-24 18:00:57,646 - DEBUG - Importing PdfImagePlugin
2025-11-24 18:00:57,667 - DEBUG - Importing PixarImagePlugin
2025-11-24 18:00:57,679 - DEBUG - Importing PngImagePlugin
2025-11-24 18:00:57,690 - DEBUG - Importing PpmImagePlugin
2025-11-24 18:00:57,700 - DEBUG - Importing PsdImagePlugin
2025-11-24 18:00:57,711 - DEBUG - Importing QoiImagePlugin
2025-11-24 18:00:57,725 - DEBUG - Importing SgiImagePlugin
2025-11-24 18:00:57,736 - DEBUG - Importing SpiderImagePlugin
2025-11-24 18:00:57,748 - DEBUG - Importing SunImagePlugin
2025-11-24 18:00:57,759 - DEBUG - Importing TgaImagePlugin
2025-11-24 18:00:57,771 - DEBUG - Importing TiffImagePlugin
2025-11-24 18:00:57,781 - DEBUG - Importing WebPImagePlugin
2025-11-24 18:00:57,797 - DEBUG - Importing WmfImagePlugin
2025-11-24 18:00:57,808 - DEBUG - Importing XbmImagePlugin
2025-11-24 18:00:57,821 - DEBUG - Importing XpmImagePlugin
2025-11-24 18:00:57,832 - DEBUG - Importing XVThumbImagePlugin
2025-11-24 18:00:57,844 - DEBUG - STREAM b'IHDR' 188510 13
2025-11-24 18:00:57,859 - DEBUG - STREAM b'IDAT' 188535 5010
2025-11-24 18:00:57,877 - INFO - 成功加载图标文件：assets/icon.ico
2025-11-24 18:00:57,887 - INFO - 托盘功能启动成功
2025-11-24 18:00:58,223 - INFO - 快捷键监听启动成功（双击shift）
2025-11-24 18:01:01,588 - INFO - 学生讲题模式(倒序)抽中号数：48，区间：[38, 48]
2025-11-24 18:01:02,277 - DEBUG - 数据原子写入成功
2025-11-24 18:01:02,277 - INFO - 三秒变动模式：已定格最终结果
2025-11-24 18:01:06,284 - INFO - 学生讲题模式(倒序)抽中号数：46，区间：[38, 48]
2025-11-24 18:01:06,625 - INFO - 三秒变动模式：已定格最终结果
2025-11-24 18:01:06,629 - DEBUG - 数据原子写入成功
2025-11-24 18:02:04,721 - INFO - 用户通过托盘退出程序
