2025-11-25 17:27:35,502 - INFO - 程序启动 - 显示模式：三秒变动模式 - 抽取模式：学生讲题模式(正序)
2025-11-25 17:27:35,503 - INFO - 配置参数: MIN_NUMBER=1, MAX_NUMBER=48, STUDENT_MODE=1
2025-11-25 17:27:35,504 - INFO - 历史数据读取成功
2025-11-25 17:27:35,868 - INFO - 启动音效播放成功：assets/rise_enable.wav
2025-11-25 17:27:35,894 - DEBUG - Importing BlpImagePlugin
2025-11-25 17:27:35,899 - DEBUG - Importing BmpImagePlugin
2025-11-25 17:27:35,899 - DEBUG - Importing BufrStubImagePlugin
2025-11-25 17:27:35,900 - DEBUG - Importing CurImagePlugin
2025-11-25 17:27:35,902 - DEBUG - Importing DcxImagePlugin
2025-11-25 17:27:35,903 - DEBUG - Importing DdsImagePlugin
2025-11-25 17:27:35,909 - DEBUG - Importing EpsImagePlugin
2025-11-25 17:27:35,911 - DEBUG - Importing FitsImagePlugin
2025-11-25 17:27:35,913 - DEBUG - Importing FliImagePlugin
2025-11-25 17:27:35,914 - DEBUG - Importing FpxImagePlugin
2025-11-25 17:27:35,916 - DEBUG - Image: failed to import FpxImagePlugin: No module named 'olefile'
2025-11-25 17:27:35,916 - DEBUG - Importing FtexImagePlugin
2025-11-25 17:27:35,917 - DEBUG - Importing GbrImagePlugin
2025-11-25 17:27:35,918 - DEBUG - Importing GifImagePlugin
2025-11-25 17:27:35,918 - DEBUG - Importing GribStubImagePlugin
2025-11-25 17:27:35,919 - DEBUG - Importing Hdf5StubImagePlugin
2025-11-25 17:27:35,920 - DEBUG - Importing IcnsImagePlugin
2025-11-25 17:27:35,923 - DEBUG - Importing IcoImagePlugin
2025-11-25 17:27:35,925 - DEBUG - Importing ImImagePlugin
2025-11-25 17:27:35,927 - DEBUG - Importing ImtImagePlugin
2025-11-25 17:27:35,928 - DEBUG - Importing IptcImagePlugin
2025-11-25 17:27:35,930 - DEBUG - Importing JpegImagePlugin
2025-11-25 17:27:35,930 - DEBUG - Importing Jpeg2KImagePlugin
2025-11-25 17:27:35,930 - DEBUG - Importing McIdasImagePlugin
2025-11-25 17:27:35,932 - DEBUG - Importing MicImagePlugin
2025-11-25 17:27:35,934 - DEBUG - Image: failed to import MicImagePlugin: No module named 'olefile'
2025-11-25 17:27:35,934 - DEBUG - Importing MpegImagePlugin
2025-11-25 17:27:35,935 - DEBUG - Importing MpoImagePlugin
2025-11-25 17:27:35,962 - DEBUG - Importing MspImagePlugin
2025-11-25 17:27:35,964 - DEBUG - Importing PalmImagePlugin
2025-11-25 17:27:35,965 - DEBUG - Importing PcdImagePlugin
2025-11-25 17:27:35,966 - DEBUG - Importing PcxImagePlugin
2025-11-25 17:27:35,966 - DEBUG - Importing PdfImagePlugin
2025-11-25 17:27:35,981 - DEBUG - Importing PixarImagePlugin
2025-11-25 17:27:35,982 - DEBUG - Importing PngImagePlugin
2025-11-25 17:27:35,982 - DEBUG - Importing PpmImagePlugin
2025-11-25 17:27:35,982 - DEBUG - Importing PsdImagePlugin
2025-11-25 17:27:35,983 - DEBUG - Importing QoiImagePlugin
2025-11-25 17:27:35,984 - DEBUG - Importing SgiImagePlugin
2025-11-25 17:27:35,986 - DEBUG - Importing SpiderImagePlugin
2025-11-25 17:27:35,987 - DEBUG - Importing SunImagePlugin
2025-11-25 17:27:35,988 - DEBUG - Importing TgaImagePlugin
2025-11-25 17:27:35,989 - DEBUG - Importing TiffImagePlugin
2025-11-25 17:27:35,989 - DEBUG - Importing WebPImagePlugin
2025-11-25 17:27:35,998 - DEBUG - Importing WmfImagePlugin
2025-11-25 17:27:35,999 - DEBUG - Importing XbmImagePlugin
2025-11-25 17:27:36,001 - DEBUG - Importing XpmImagePlugin
2025-11-25 17:27:36,003 - DEBUG - Importing XVThumbImagePlugin
2025-11-25 17:27:36,005 - DEBUG - STREAM b'IHDR' 188510 13
2025-11-25 17:27:36,006 - DEBUG - STREAM b'IDAT' 188535 5010
2025-11-25 17:27:36,008 - INFO - 成功加载图标文件：assets/icon.ico
2025-11-25 17:27:36,012 - INFO - 托盘功能启动成功
2025-11-25 17:27:36,304 - INFO - 快捷键监听启动成功（双击shift）
2025-11-25 17:27:40,228 - DEBUG - 正序模式开始 - 当前min值: 1, 已使用号码: []
2025-11-25 17:27:40,228 - DEBUG - 正序模式 - 区间: [1, 11]
2025-11-25 17:27:40,229 - DEBUG - 正序模式 - 区间内有效号码: [1, 2, 3, 4, 5, 6, 7, 8, 9, 10, 11]
2025-11-25 17:27:40,229 - INFO - 学生讲题模式(正序)抽中号数：7，区间：[1, 11], min值从1更新为7
2025-11-25 17:27:40,230 - DEBUG - 当前已使用号码: [7]
2025-11-25 17:27:40,745 - DEBUG - 数据原子写入成功
2025-11-25 17:27:40,747 - INFO - 三秒变动模式：已定格最终结果
2025-11-25 17:27:44,620 - DEBUG - 正序模式开始 - 当前min值: 7, 已使用号码: [7]
2025-11-25 17:27:44,621 - DEBUG - 正序模式 - 区间: [7, 17]
2025-11-25 17:27:44,621 - DEBUG - 正序模式 - 区间内有效号码: [8, 9, 10, 11, 12, 13, 14, 15, 16, 17]
2025-11-25 17:27:44,622 - INFO - 学生讲题模式(正序)抽中号数：10，区间：[7, 17], min值从7更新为10
2025-11-25 17:27:44,622 - DEBUG - 当前已使用号码: [7, 10]
2025-11-25 17:27:45,012 - INFO - 三秒变动模式：已定格最终结果
2025-11-25 17:27:45,013 - DEBUG - 数据原子写入成功
2025-11-25 17:27:54,656 - INFO - 用户通过托盘退出程序
